
START - automation started - Mon Jun 08 2020 14:58:27 GMT+0200 (Paris, Madrid (heure d’été))

LIVE MODE - type done to quit
 [RPA][STARTED]
[RPA][0] - listening for inputs
[RPA][1] - https://www.zalando.fr/login/?view=register
[RPA][1] - listening for inputs
[RPA][2] - exist_result = exist('//*[@name="register.firstname"]').toString()
[RPA][2] - listening for inputs
[RPA][3] - dump exist_result to rpa_python.txt
[RPA][3] - listening for inputs
[RPA][4] - type //*[@name="register.firstname"] as l
[RPA][4] - listening for inputs
[RPA][5] - exist_result = exist('//*[@name="register.lastname"]').toString()
[RPA][5] - listening for inputs
[RPA][6] - dump exist_result to rpa_python.txt
[RPA][6] - listening for inputs
[RPA][7] - type //*[@name="register.lastname"] as l
[RPA][7] - listening for inputs
[RPA][8] - exist_result = exist('//*[@name="register.email"]').toString()
[RPA][8] - listening for inputs
[RPA][9] - dump exist_result to rpa_python.txt
[RPA][9] - listening for inputs
[RPA][10] - type //*[@name="register.email"] as l.l@l.g
